  NaLatinha.cpp
C:\Users\gicel\source\repos\fabianadorado\NaLataComercioLocal\NaLatinha.cpp(191,18): error C2143: syntax error: missing ';' before '<<'
C:\Users\gicel\source\repos\fabianadorado\NaLataComercioLocal\NaLatinha.cpp(191,13): error C4430: missing type specifier - int assumed. Note: C++ does not support default-int
C:\Users\gicel\source\repos\fabianadorado\NaLataComercioLocal\NaLatinha.cpp(191,18): error C2059: syntax error: '<<'
C:\Users\gicel\source\repos\fabianadorado\NaLataComercioLocal\NaLatinha.cpp(192,13): error C2059: syntax error: 'break'
C:\Users\gicel\source\repos\fabianadorado\NaLataComercioLocal\NaLatinha.cpp(193,9): error C2321: 'default' is a keyword, and cannot be used in this context
C:\Users\gicel\source\repos\fabianadorado\NaLataComercioLocal\NaLatinha.cpp(193,9): error C4430: missing type specifier - int assumed. Note: C++ does not support default-int
C:\Users\gicel\source\repos\fabianadorado\NaLataComercioLocal\NaLatinha.cpp(193,16): error C2059: syntax error: ':'
C:\Users\gicel\source\repos\fabianadorado\NaLataComercioLocal\NaLatinha.cpp(194,18): error C2143: syntax error: missing ';' before '<<'
C:\Users\gicel\source\repos\fabianadorado\NaLataComercioLocal\NaLatinha.cpp(194,13): error C4430: missing type specifier - int assumed. Note: C++ does not support default-int
C:\Users\gicel\source\repos\fabianadorado\NaLataComercioLocal\NaLatinha.cpp(194,13): error C2086: 'int cout': redefinition
      C:\Users\gicel\source\repos\fabianadorado\NaLataComercioLocal\NaLatinha.cpp(191,13):
      see declaration of 'cout'
  
C:\Users\gicel\source\repos\fabianadorado\NaLataComercioLocal\NaLatinha.cpp(194,18): error C2059: syntax error: '<<'
C:\Users\gicel\source\repos\fabianadorado\NaLataComercioLocal\NaLatinha.cpp(195,9): error C2059: syntax error: '}'
C:\Users\gicel\source\repos\fabianadorado\NaLataComercioLocal\NaLatinha.cpp(195,9): error C2143: syntax error: missing ';' before '}'
C:\Users\gicel\source\repos\fabianadorado\NaLataComercioLocal\NaLatinha.cpp(196,5): error C2143: syntax error: missing ';' before '}'
C:\Users\gicel\source\repos\fabianadorado\NaLataComercioLocal\NaLatinha.cpp(196,5): error C2059: syntax error: '}'
C:\Users\gicel\source\repos\fabianadorado\NaLataComercioLocal\NaLatinha.cpp(198,5): error C2059: syntax error: 'return'
C:\Users\gicel\source\repos\fabianadorado\NaLataComercioLocal\NaLatinha.cpp(199,1): error C2059: syntax error: '}'
C:\Users\gicel\source\repos\fabianadorado\NaLataComercioLocal\NaLatinha.cpp(199,1): error C2143: syntax error: missing ';' before '}'
